The system is: Linux - 4.19.0-6-amd64 - x86_64
Compiling the C compiler identification source file "CMakeCCompilerId.c" succeeded.
Compiler: /usr/bin/cc 
Build flags: 
Id flags:  

The output was:
0


Compilation of the C compiler identification source "CMakeCCompilerId.c" produced "a.out"

The C compiler identification is GNU, found in "/home/gxh/works/huichang/svc_codec/bizconf_svc_codec/openfec_v1.4.2/CMakeFiles/3.13.4/CompilerIdC/a.out"

Determining if the C compiler works passed with the following output:
Change Dir: /home/gxh/works/huichang/svc_codec/bizconf_svc_codec/openfec_v1.4.2/CMakeFiles/CMakeTmp

Run Build Command:"/usr/bin/make" "cmTC_90321/fast"
/usr/bin/make -f CMakeFiles/cmTC_90321.dir/build.make CMakeFiles/cmTC_90321.dir/build
make[1]: 进入目录“/home/gxh/works/huichang/svc_codec/bizconf_svc_codec/openfec_v1.4.2/CMakeFiles/CMakeTmp”
Building C object CMakeFiles/cmTC_90321.dir/testCCompiler.c.o
/usr/bin/cc    -o CMakeFiles/cmTC_90321.dir/testCCompiler.c.o   -c /home/gxh/works/huichang/svc_codec/bizconf_svc_codec/openfec_v1.4.2/CMakeFiles/CMakeTmp/testCCompiler.c
Linking C executable cmTC_90321
/usr/bin/cmake -E cmake_link_script CMakeFiles/cmTC_90321.dir/link.txt --verbose=1
/usr/bin/cc      -rdynamic CMakeFiles/cmTC_90321.dir/testCCompiler.c.o  -o cmTC_90321 
make[1]: 离开目录“/home/gxh/works/huichang/svc_codec/bizconf_svc_codec/openfec_v1.4.2/CMakeFiles/CMakeTmp”


Detecting C compiler ABI info compiled with the following output:
Change Dir: /home/gxh/works/huichang/svc_codec/bizconf_svc_codec/openfec_v1.4.2/CMakeFiles/CMakeTmp

Run Build Command:"/usr/bin/make" "cmTC_96249/fast"
/usr/bin/make -f CMakeFiles/cmTC_96249.dir/build.make CMakeFiles/cmTC_96249.dir/build
make[1]: 进入目录“/home/gxh/works/huichang/svc_codec/bizconf_svc_codec/openfec_v1.4.2/CMakeFiles/CMakeTmp”
Building C object CMakeFiles/cmTC_96249.dir/CMakeCCompilerABI.c.o
/usr/bin/cc    -o CMakeFiles/cmTC_96249.dir/CMakeCCompilerABI.c.o   -c /usr/share/cmake-3.13/Modules/CMakeCCompilerABI.c
Linking C executable cmTC_96249
/usr/bin/cmake -E cmake_link_script CMakeFiles/cmTC_96249.dir/link.txt --verbose=1
/usr/bin/cc     -v -rdynamic CMakeFiles/cmTC_96249.dir/CMakeCCompilerABI.c.o  -o cmTC_96249 
Using built-in specs.
COLLECT_GCC=/usr/bin/cc
COLLECT_LTO_WRAPPER=/usr/lib/gcc/x86_64-linux-gnu/8/lto-wrapper
OFFLOAD_TARGET_NAMES=nvptx-none
OFFLOAD_TARGET_DEFAULT=1
Target: x86_64-linux-gnu
Configured with: ../src/configure -v --with-pkgversion='Uos 8.3.0.3-3+rebuild' --with-bugurl=file:///usr/share/doc/gcc-8/README.Bugs --enable-languages=c,ada,c++,go,brig,d,fortran,objc,obj-c++ --prefix=/usr --with-gcc-major-version-only --program-suffix=-8 --program-prefix=x86_64-linux-gnu- --enable-shared --enable-linker-build-id --libexecdir=/usr/lib --without-included-gettext --enable-threads=posix --libdir=/usr/lib --enable-nls --enable-bootstrap --enable-clocale=gnu --enable-libstdcxx-debug --enable-libstdcxx-time=yes --with-default-libstdcxx-abi=new --enable-gnu-unique-object --disable-vtable-verify --enable-libmpx --enable-plugin --with-system-zlib --with-target-system-zlib --enable-objc-gc=auto --enable-multiarch --disable-werror --with-arch-32=i686 --with-abi=m64 --with-multilib-list=m32,m64,mx32 --enable-multilib --with-tune=generic --enable-offload-targets=nvptx-none --without-cuda-driver --enable-checking=release --build=x86_64-linux-gnu --host=x86_64-linux-gnu --target=x86_64-linux-gnu
Thread model: posix
gcc version 8.3.0 (Uos 8.3.0.3-3+rebuild) 
COMPILER_PATH=/usr/lib/gcc/x86_64-linux-gnu/8/:/usr/lib/gcc/x86_64-linux-gnu/8/:/usr/lib/gcc/x86_64-linux-gnu/:/usr/lib/gcc/x86_64-linux-gnu/8/:/usr/lib/gcc/x86_64-linux-gnu/
LIBRARY_PATH=/usr/lib/gcc/x86_64-linux-gnu/8/:/usr/lib/gcc/x86_64-linux-gnu/8/../../../x86_64-linux-gnu/:/usr/lib/gcc/x86_64-linux-gnu/8/../../../../lib/:/lib/x86_64-linux-gnu/:/lib/../lib/:/usr/lib/x86_64-linux-gnu/:/usr/lib/../lib/:/usr/lib/gcc/x86_64-linux-gnu/8/../../../:/lib/:/usr/lib/
COLLECT_GCC_OPTIONS='-v' '-rdynamic' '-o' 'cmTC_96249' '-mtune=generic' '-march=x86-64'
 /usr/lib/gcc/x86_64-linux-gnu/8/collect2 -plugin /usr/lib/gcc/x86_64-linux-gnu/8/liblto_plugin.so -plugin-opt=/usr/lib/gcc/x86_64-linux-gnu/8/lto-wrapper -plugin-opt=-fresolution=/tmp/cc0JiDrj.res -plugin-opt=-pass-through=-lgcc -plugin-opt=-pass-through=-lgcc_s -plugin-opt=-pass-through=-lc -plugin-opt=-pass-through=-lgcc -plugin-opt=-pass-through=-lgcc_s --build-id --eh-frame-hdr -m elf_x86_64 --hash-style=gnu -export-dynamic -dynamic-linker /lib64/ld-linux-x86-64.so.2 -o cmTC_96249 /usr/lib/gcc/x86_64-linux-gnu/8/../../../x86_64-linux-gnu/crt1.o /usr/lib/gcc/x86_64-linux-gnu/8/../../../x86_64-linux-gnu/crti.o /usr/lib/gcc/x86_64-linux-gnu/8/crtbegin.o -L/usr/lib/gcc/x86_64-linux-gnu/8 -L/usr/lib/gcc/x86_64-linux-gnu/8/../../../x86_64-linux-gnu -L/usr/lib/gcc/x86_64-linux-gnu/8/../../../../lib -L/lib/x86_64-linux-gnu -L/lib/../lib -L/usr/lib/x86_64-linux-gnu -L/usr/lib/../lib -L/usr/lib/gcc/x86_64-linux-gnu/8/../../.. CMakeFiles/cmTC_96249.dir/CMakeCCompilerABI.c.o -lgcc --push-state --as-needed -lgcc_s --pop-state -lc -lgcc --push-state --as-needed -lgcc_s --pop-state /usr/lib/gcc/x86_64-linux-gnu/8/crtend.o /usr/lib/gcc/x86_64-linux-gnu/8/../../../x86_64-linux-gnu/crtn.o
COLLECT_GCC_OPTIONS='-v' '-rdynamic' '-o' 'cmTC_96249' '-mtune=generic' '-march=x86-64'
make[1]: 离开目录“/home/gxh/works/huichang/svc_codec/bizconf_svc_codec/openfec_v1.4.2/CMakeFiles/CMakeTmp”


Parsed C implicit link information from above output:
  link line regex: [^( *|.*[/\])(ld|CMAKE_LINK_STARTFILE-NOTFOUND|([^/\]+-)?ld|collect2)[^/\]*( |$)]
  ignore line: [Change Dir: /home/gxh/works/huichang/svc_codec/bizconf_svc_codec/openfec_v1.4.2/CMakeFiles/CMakeTmp]
  ignore line: []
  ignore line: [Run Build Command:"/usr/bin/make" "cmTC_96249/fast"]
  ignore line: [/usr/bin/make -f CMakeFiles/cmTC_96249.dir/build.make CMakeFiles/cmTC_96249.dir/build]
  ignore line: [make[1]: 进入目录“/home/gxh/works/huichang/svc_codec/bizconf_svc_codec/openfec_v1.4.2/CMakeFiles/CMakeTmp”]
  ignore line: [Building C object CMakeFiles/cmTC_96249.dir/CMakeCCompilerABI.c.o]
  ignore line: [/usr/bin/cc    -o CMakeFiles/cmTC_96249.dir/CMakeCCompilerABI.c.o   -c /usr/share/cmake-3.13/Modules/CMakeCCompilerABI.c]
  ignore line: [Linking C executable cmTC_96249]
  ignore line: [/usr/bin/cmake -E cmake_link_script CMakeFiles/cmTC_96249.dir/link.txt --verbose=1]
  ignore line: [/usr/bin/cc     -v -rdynamic CMakeFiles/cmTC_96249.dir/CMakeCCompilerABI.c.o  -o cmTC_96249 ]
  ignore line: [Using built-in specs.]
  ignore line: [COLLECT_GCC=/usr/bin/cc]
  ignore line: [COLLECT_LTO_WRAPPER=/usr/lib/gcc/x86_64-linux-gnu/8/lto-wrapper]
  ignore line: [OFFLOAD_TARGET_NAMES=nvptx-none]
  ignore line: [OFFLOAD_TARGET_DEFAULT=1]
  ignore line: [Target: x86_64-linux-gnu]
  ignore line: [Configured with: ../src/configure -v --with-pkgversion='Uos 8.3.0.3-3+rebuild' --with-bugurl=file:///usr/share/doc/gcc-8/README.Bugs --enable-languages=c,ada,c++,go,brig,d,fortran,objc,obj-c++ --prefix=/usr --with-gcc-major-version-only --program-suffix=-8 --program-prefix=x86_64-linux-gnu- --enable-shared --enable-linker-build-id --libexecdir=/usr/lib --without-included-gettext --enable-threads=posix --libdir=/usr/lib --enable-nls --enable-bootstrap --enable-clocale=gnu --enable-libstdcxx-debug --enable-libstdcxx-time=yes --with-default-libstdcxx-abi=new --enable-gnu-unique-object --disable-vtable-verify --enable-libmpx --enable-plugin --with-system-zlib --with-target-system-zlib --enable-objc-gc=auto --enable-multiarch --disable-werror --with-arch-32=i686 --with-abi=m64 --with-multilib-list=m32,m64,mx32 --enable-multilib --with-tune=generic --enable-offload-targets=nvptx-none --without-cuda-driver --enable-checking=release --build=x86_64-linux-gnu --host=x86_64-linux-gnu --target=x86_64-linux-gnu]
  ignore line: [Thread model: posix]
  ignore line: [gcc version 8.3.0 (Uos 8.3.0.3-3+rebuild) ]
  ignore line: [COMPILER_PATH=/usr/lib/gcc/x86_64-linux-gnu/8/:/usr/lib/gcc/x86_64-linux-gnu/8/:/usr/lib/gcc/x86_64-linux-gnu/:/usr/lib/gcc/x86_64-linux-gnu/8/:/usr/lib/gcc/x86_64-linux-gnu/]
  ignore line: [LIBRARY_PATH=/usr/lib/gcc/x86_64-linux-gnu/8/:/usr/lib/gcc/x86_64-linux-gnu/8/../../../x86_64-linux-gnu/:/usr/lib/gcc/x86_64-linux-gnu/8/../../../../lib/:/lib/x86_64-linux-gnu/:/lib/../lib/:/usr/lib/x86_64-linux-gnu/:/usr/lib/../lib/:/usr/lib/gcc/x86_64-linux-gnu/8/../../../:/lib/:/usr/lib/]
  ignore line: [COLLECT_GCC_OPTIONS='-v' '-rdynamic' '-o' 'cmTC_96249' '-mtune=generic' '-march=x86-64']
  link line: [ /usr/lib/gcc/x86_64-linux-gnu/8/collect2 -plugin /usr/lib/gcc/x86_64-linux-gnu/8/liblto_plugin.so -plugin-opt=/usr/lib/gcc/x86_64-linux-gnu/8/lto-wrapper -plugin-opt=-fresolution=/tmp/cc0JiDrj.res -plugin-opt=-pass-through=-lgcc -plugin-opt=-pass-through=-lgcc_s -plugin-opt=-pass-through=-lc -plugin-opt=-pass-through=-lgcc -plugin-opt=-pass-through=-lgcc_s --build-id --eh-frame-hdr -m elf_x86_64 --hash-style=gnu -export-dynamic -dynamic-linker /lib64/ld-linux-x86-64.so.2 -o cmTC_96249 /usr/lib/gcc/x86_64-linux-gnu/8/../../../x86_64-linux-gnu/crt1.o /usr/lib/gcc/x86_64-linux-gnu/8/../../../x86_64-linux-gnu/crti.o /usr/lib/gcc/x86_64-linux-gnu/8/crtbegin.o -L/usr/lib/gcc/x86_64-linux-gnu/8 -L/usr/lib/gcc/x86_64-linux-gnu/8/../../../x86_64-linux-gnu -L/usr/lib/gcc/x86_64-linux-gnu/8/../../../../lib -L/lib/x86_64-linux-gnu -L/lib/../lib -L/usr/lib/x86_64-linux-gnu -L/usr/lib/../lib -L/usr/lib/gcc/x86_64-linux-gnu/8/../../.. CMakeFiles/cmTC_96249.dir/CMakeCCompilerABI.c.o -lgcc --push-state --as-needed -lgcc_s --pop-state -lc -lgcc --push-state --as-needed -lgcc_s --pop-state /usr/lib/gcc/x86_64-linux-gnu/8/crtend.o /usr/lib/gcc/x86_64-linux-gnu/8/../../../x86_64-linux-gnu/crtn.o]
    arg [/usr/lib/gcc/x86_64-linux-gnu/8/collect2] ==> ignore
    arg [-plugin] ==> ignore
    arg [/usr/lib/gcc/x86_64-linux-gnu/8/liblto_plugin.so] ==> ignore
    arg [-plugin-opt=/usr/lib/gcc/x86_64-linux-gnu/8/lto-wrapper] ==> ignore
    arg [-plugin-opt=-fresolution=/tmp/cc0JiDrj.res] ==> ignore
    arg [-plugin-opt=-pass-through=-lgcc] ==> ignore
    arg [-plugin-opt=-pass-through=-lgcc_s] ==> ignore
    arg [-plugin-opt=-pass-through=-lc] ==> ignore
    arg [-plugin-opt=-pass-through=-lgcc] ==> ignore
    arg [-plugin-opt=-pass-through=-lgcc_s] ==> ignore
    arg [--build-id] ==> ignore
    arg [--eh-frame-hdr] ==> ignore
    arg [-m] ==> ignore
    arg [elf_x86_64] ==> ignore
    arg [--hash-style=gnu] ==> ignore
    arg [-export-dynamic] ==> ignore
    arg [-dynamic-linker] ==> ignore
    arg [/lib64/ld-linux-x86-64.so.2] ==> ignore
    arg [-o] ==> ignore
    arg [cmTC_96249] ==> ignore
    arg [/usr/lib/gcc/x86_64-linux-gnu/8/../../../x86_64-linux-gnu/crt1.o] ==> ignore
    arg [/usr/lib/gcc/x86_64-linux-gnu/8/../../../x86_64-linux-gnu/crti.o] ==> ignore
    arg [/usr/lib/gcc/x86_64-linux-gnu/8/crtbegin.o] ==> ignore
    arg [-L/usr/lib/gcc/x86_64-linux-gnu/8] ==> dir [/usr/lib/gcc/x86_64-linux-gnu/8]
    arg [-L/usr/lib/gcc/x86_64-linux-gnu/8/../../../x86_64-linux-gnu] ==> dir [/usr/lib/gcc/x86_64-linux-gnu/8/../../../x86_64-linux-gnu]
    arg [-L/usr/lib/gcc/x86_64-linux-gnu/8/../../../../lib] ==> dir [/usr/lib/gcc/x86_64-linux-gnu/8/../../../../lib]
    arg [-L/lib/x86_64-linux-gnu] ==> dir [/lib/x86_64-linux-gnu]
    arg [-L/lib/../lib] ==> dir [/lib/../lib]
    arg [-L/usr/lib/x86_64-linux-gnu] ==> dir [/usr/lib/x86_64-linux-gnu]
    arg [-L/usr/lib/../lib] ==> dir [/usr/lib/../lib]
    arg [-L/usr/lib/gcc/x86_64-linux-gnu/8/../../..] ==> dir [/usr/lib/gcc/x86_64-linux-gnu/8/../../..]
    arg [CMakeFiles/cmTC_96249.dir/CMakeCCompilerABI.c.o] ==> ignore
    arg [-lgcc] ==> lib [gcc]
    arg [--push-state] ==> ignore
    arg [--as-needed] ==> ignore
    arg [-lgcc_s] ==> lib [gcc_s]
    arg [--pop-state] ==> ignore
    arg [-lc] ==> lib [c]
    arg [-lgcc] ==> lib [gcc]
    arg [--push-state] ==> ignore
    arg [--as-needed] ==> ignore
    arg [-lgcc_s] ==> lib [gcc_s]
    arg [--pop-state] ==> ignore
    arg [/usr/lib/gcc/x86_64-linux-gnu/8/crtend.o] ==> ignore
    arg [/usr/lib/gcc/x86_64-linux-gnu/8/../../../x86_64-linux-gnu/crtn.o] ==> ignore
  collapse library dir [/usr/lib/gcc/x86_64-linux-gnu/8] ==> [/usr/lib/gcc/x86_64-linux-gnu/8]
  collapse library dir [/usr/lib/gcc/x86_64-linux-gnu/8/../../../x86_64-linux-gnu] ==> [/usr/lib/x86_64-linux-gnu]
  collapse library dir [/usr/lib/gcc/x86_64-linux-gnu/8/../../../../lib] ==> [/usr/lib]
  collapse library dir [/lib/x86_64-linux-gnu] ==> [/lib/x86_64-linux-gnu]
  collapse library dir [/lib/../lib] ==> [/lib]
  collapse library dir [/usr/lib/x86_64-linux-gnu] ==> [/usr/lib/x86_64-linux-gnu]
  collapse library dir [/usr/lib/../lib] ==> [/usr/lib]
  collapse library dir [/usr/lib/gcc/x86_64-linux-gnu/8/../../..] ==> [/usr/lib]
  implicit libs: [gcc;gcc_s;c;gcc;gcc_s]
  implicit dirs: [/usr/lib/gcc/x86_64-linux-gnu/8;/usr/lib/x86_64-linux-gnu;/usr/lib;/lib/x86_64-linux-gnu;/lib]
  implicit fwks: []




Detecting C [-std=c11] compiler features compiled with the following output:
Change Dir: /home/gxh/works/huichang/svc_codec/bizconf_svc_codec/openfec_v1.4.2/CMakeFiles/CMakeTmp

Run Build Command:"/usr/bin/make" "cmTC_fe791/fast"
/usr/bin/make -f CMakeFiles/cmTC_fe791.dir/build.make CMakeFiles/cmTC_fe791.dir/build
make[1]: 进入目录“/home/gxh/works/huichang/svc_codec/bizconf_svc_codec/openfec_v1.4.2/CMakeFiles/CMakeTmp”
Building C object CMakeFiles/cmTC_fe791.dir/feature_tests.c.o
/usr/bin/cc   -std=c11 -o CMakeFiles/cmTC_fe791.dir/feature_tests.c.o   -c /home/gxh/works/huichang/svc_codec/bizconf_svc_codec/openfec_v1.4.2/CMakeFiles/feature_tests.c
Linking C executable cmTC_fe791
/usr/bin/cmake -E cmake_link_script CMakeFiles/cmTC_fe791.dir/link.txt --verbose=1
/usr/bin/cc      -rdynamic CMakeFiles/cmTC_fe791.dir/feature_tests.c.o  -o cmTC_fe791 
make[1]: 离开目录“/home/gxh/works/huichang/svc_codec/bizconf_svc_codec/openfec_v1.4.2/CMakeFiles/CMakeTmp”


    Feature record: C_FEATURE:1c_function_prototypes
    Feature record: C_FEATURE:1c_restrict
    Feature record: C_FEATURE:1c_static_assert
    Feature record: C_FEATURE:1c_variadic_macros


Detecting C [-std=c99] compiler features compiled with the following output:
Change Dir: /home/gxh/works/huichang/svc_codec/bizconf_svc_codec/openfec_v1.4.2/CMakeFiles/CMakeTmp

Run Build Command:"/usr/bin/make" "cmTC_500d2/fast"
/usr/bin/make -f CMakeFiles/cmTC_500d2.dir/build.make CMakeFiles/cmTC_500d2.dir/build
make[1]: 进入目录“/home/gxh/works/huichang/svc_codec/bizconf_svc_codec/openfec_v1.4.2/CMakeFiles/CMakeTmp”
Building C object CMakeFiles/cmTC_500d2.dir/feature_tests.c.o
/usr/bin/cc   -std=c99 -o CMakeFiles/cmTC_500d2.dir/feature_tests.c.o   -c /home/gxh/works/huichang/svc_codec/bizconf_svc_codec/openfec_v1.4.2/CMakeFiles/feature_tests.c
Linking C executable cmTC_500d2
/usr/bin/cmake -E cmake_link_script CMakeFiles/cmTC_500d2.dir/link.txt --verbose=1
/usr/bin/cc      -rdynamic CMakeFiles/cmTC_500d2.dir/feature_tests.c.o  -o cmTC_500d2 
make[1]: 离开目录“/home/gxh/works/huichang/svc_codec/bizconf_svc_codec/openfec_v1.4.2/CMakeFiles/CMakeTmp”


    Feature record: C_FEATURE:1c_function_prototypes
    Feature record: C_FEATURE:1c_restrict
    Feature record: C_FEATURE:0c_static_assert
    Feature record: C_FEATURE:1c_variadic_macros


Detecting C [-std=c90] compiler features compiled with the following output:
Change Dir: /home/gxh/works/huichang/svc_codec/bizconf_svc_codec/openfec_v1.4.2/CMakeFiles/CMakeTmp

Run Build Command:"/usr/bin/make" "cmTC_cf044/fast"
/usr/bin/make -f CMakeFiles/cmTC_cf044.dir/build.make CMakeFiles/cmTC_cf044.dir/build
make[1]: 进入目录“/home/gxh/works/huichang/svc_codec/bizconf_svc_codec/openfec_v1.4.2/CMakeFiles/CMakeTmp”
Building C object CMakeFiles/cmTC_cf044.dir/feature_tests.c.o
/usr/bin/cc   -std=c90 -o CMakeFiles/cmTC_cf044.dir/feature_tests.c.o   -c /home/gxh/works/huichang/svc_codec/bizconf_svc_codec/openfec_v1.4.2/CMakeFiles/feature_tests.c
Linking C executable cmTC_cf044
/usr/bin/cmake -E cmake_link_script CMakeFiles/cmTC_cf044.dir/link.txt --verbose=1
/usr/bin/cc      -rdynamic CMakeFiles/cmTC_cf044.dir/feature_tests.c.o  -o cmTC_cf044 
make[1]: 离开目录“/home/gxh/works/huichang/svc_codec/bizconf_svc_codec/openfec_v1.4.2/CMakeFiles/CMakeTmp”


    Feature record: C_FEATURE:1c_function_prototypes
    Feature record: C_FEATURE:0c_restrict
    Feature record: C_FEATURE:0c_static_assert
    Feature record: C_FEATURE:0c_variadic_macros
The system is: Linux - 4.19.0-6-amd64 - x86_64
Compiling the C compiler identification source file "CMakeCCompilerId.c" succeeded.
Compiler: /usr/bin/cc 
Build flags: 
Id flags:  

The output was:
0


Compilation of the C compiler identification source "CMakeCCompilerId.c" produced "a.out"

The C compiler identification is GNU, found in "/home/gxh/works/huichang/svc_codec/bizconf_svc_codec/openfec_v1.4.2/CMakeFiles/3.13.4/CompilerIdC/a.out"

Determining if the C compiler works passed with the following output:
Change Dir: /home/gxh/works/huichang/svc_codec/bizconf_svc_codec/openfec_v1.4.2/CMakeFiles/CMakeTmp

Run Build Command:"/usr/bin/make" "cmTC_3270e/fast"
make[1]: 进入目录“/home/gxh/works/huichang/svc_codec/bizconf_svc_codec/openfec_v1.4.2/CMakeFiles/CMakeTmp”
/usr/bin/make -f CMakeFiles/cmTC_3270e.dir/build.make CMakeFiles/cmTC_3270e.dir/build
make[2]: 进入目录“/home/gxh/works/huichang/svc_codec/bizconf_svc_codec/openfec_v1.4.2/CMakeFiles/CMakeTmp”
Building C object CMakeFiles/cmTC_3270e.dir/testCCompiler.c.o
/usr/bin/cc    -o CMakeFiles/cmTC_3270e.dir/testCCompiler.c.o   -c /home/gxh/works/huichang/svc_codec/bizconf_svc_codec/openfec_v1.4.2/CMakeFiles/CMakeTmp/testCCompiler.c
Linking C executable cmTC_3270e
/usr/bin/cmake -E cmake_link_script CMakeFiles/cmTC_3270e.dir/link.txt --verbose=1
/usr/bin/cc      -rdynamic CMakeFiles/cmTC_3270e.dir/testCCompiler.c.o  -o cmTC_3270e 
make[2]: 离开目录“/home/gxh/works/huichang/svc_codec/bizconf_svc_codec/openfec_v1.4.2/CMakeFiles/CMakeTmp”
make[1]: 离开目录“/home/gxh/works/huichang/svc_codec/bizconf_svc_codec/openfec_v1.4.2/CMakeFiles/CMakeTmp”


Detecting C compiler ABI info compiled with the following output:
Change Dir: /home/gxh/works/huichang/svc_codec/bizconf_svc_codec/openfec_v1.4.2/CMakeFiles/CMakeTmp

Run Build Command:"/usr/bin/make" "cmTC_ef8ed/fast"
make[1]: 进入目录“/home/gxh/works/huichang/svc_codec/bizconf_svc_codec/openfec_v1.4.2/CMakeFiles/CMakeTmp”
/usr/bin/make -f CMakeFiles/cmTC_ef8ed.dir/build.make CMakeFiles/cmTC_ef8ed.dir/build
make[2]: 进入目录“/home/gxh/works/huichang/svc_codec/bizconf_svc_codec/openfec_v1.4.2/CMakeFiles/CMakeTmp”
Building C object CMakeFiles/cmTC_ef8ed.dir/CMakeCCompilerABI.c.o
/usr/bin/cc    -o CMakeFiles/cmTC_ef8ed.dir/CMakeCCompilerABI.c.o   -c /usr/share/cmake-3.13/Modules/CMakeCCompilerABI.c
Linking C executable cmTC_ef8ed
/usr/bin/cmake -E cmake_link_script CMakeFiles/cmTC_ef8ed.dir/link.txt --verbose=1
/usr/bin/cc     -v -rdynamic CMakeFiles/cmTC_ef8ed.dir/CMakeCCompilerABI.c.o  -o cmTC_ef8ed 
Using built-in specs.
COLLECT_GCC=/usr/bin/cc
COLLECT_LTO_WRAPPER=/usr/lib/gcc/x86_64-linux-gnu/8/lto-wrapper
OFFLOAD_TARGET_NAMES=nvptx-none
OFFLOAD_TARGET_DEFAULT=1
Target: x86_64-linux-gnu
Configured with: ../src/configure -v --with-pkgversion='Uos 8.3.0.3-3+rebuild' --with-bugurl=file:///usr/share/doc/gcc-8/README.Bugs --enable-languages=c,ada,c++,go,brig,d,fortran,objc,obj-c++ --prefix=/usr --with-gcc-major-version-only --program-suffix=-8 --program-prefix=x86_64-linux-gnu- --enable-shared --enable-linker-build-id --libexecdir=/usr/lib --without-included-gettext --enable-threads=posix --libdir=/usr/lib --enable-nls --enable-bootstrap --enable-clocale=gnu --enable-libstdcxx-debug --enable-libstdcxx-time=yes --with-default-libstdcxx-abi=new --enable-gnu-unique-object --disable-vtable-verify --enable-libmpx --enable-plugin --with-system-zlib --with-target-system-zlib --enable-objc-gc=auto --enable-multiarch --disable-werror --with-arch-32=i686 --with-abi=m64 --with-multilib-list=m32,m64,mx32 --enable-multilib --with-tune=generic --enable-offload-targets=nvptx-none --without-cuda-driver --enable-checking=release --build=x86_64-linux-gnu --host=x86_64-linux-gnu --target=x86_64-linux-gnu
Thread model: posix
gcc version 8.3.0 (Uos 8.3.0.3-3+rebuild) 
COMPILER_PATH=/usr/lib/gcc/x86_64-linux-gnu/8/:/usr/lib/gcc/x86_64-linux-gnu/8/:/usr/lib/gcc/x86_64-linux-gnu/:/usr/lib/gcc/x86_64-linux-gnu/8/:/usr/lib/gcc/x86_64-linux-gnu/
LIBRARY_PATH=/usr/lib/gcc/x86_64-linux-gnu/8/:/usr/lib/gcc/x86_64-linux-gnu/8/../../../x86_64-linux-gnu/:/usr/lib/gcc/x86_64-linux-gnu/8/../../../../lib/:/lib/x86_64-linux-gnu/:/lib/../lib/:/usr/lib/x86_64-linux-gnu/:/usr/lib/../lib/:/usr/lib/gcc/x86_64-linux-gnu/8/../../../:/lib/:/usr/lib/
COLLECT_GCC_OPTIONS='-v' '-rdynamic' '-o' 'cmTC_ef8ed' '-mtune=generic' '-march=x86-64'
 /usr/lib/gcc/x86_64-linux-gnu/8/collect2 -plugin /usr/lib/gcc/x86_64-linux-gnu/8/liblto_plugin.so -plugin-opt=/usr/lib/gcc/x86_64-linux-gnu/8/lto-wrapper -plugin-opt=-fresolution=/tmp/ccUBVeIW.res -plugin-opt=-pass-through=-lgcc -plugin-opt=-pass-through=-lgcc_s -plugin-opt=-pass-through=-lc -plugin-opt=-pass-through=-lgcc -plugin-opt=-pass-through=-lgcc_s --build-id --eh-frame-hdr -m elf_x86_64 --hash-style=gnu -export-dynamic -dynamic-linker /lib64/ld-linux-x86-64.so.2 -o cmTC_ef8ed /usr/lib/gcc/x86_64-linux-gnu/8/../../../x86_64-linux-gnu/crt1.o /usr/lib/gcc/x86_64-linux-gnu/8/../../../x86_64-linux-gnu/crti.o /usr/lib/gcc/x86_64-linux-gnu/8/crtbegin.o -L/usr/lib/gcc/x86_64-linux-gnu/8 -L/usr/lib/gcc/x86_64-linux-gnu/8/../../../x86_64-linux-gnu -L/usr/lib/gcc/x86_64-linux-gnu/8/../../../../lib -L/lib/x86_64-linux-gnu -L/lib/../lib -L/usr/lib/x86_64-linux-gnu -L/usr/lib/../lib -L/usr/lib/gcc/x86_64-linux-gnu/8/../../.. CMakeFiles/cmTC_ef8ed.dir/CMakeCCompilerABI.c.o -lgcc --push-state --as-needed -lgcc_s --pop-state -lc -lgcc --push-state --as-needed -lgcc_s --pop-state /usr/lib/gcc/x86_64-linux-gnu/8/crtend.o /usr/lib/gcc/x86_64-linux-gnu/8/../../../x86_64-linux-gnu/crtn.o
COLLECT_GCC_OPTIONS='-v' '-rdynamic' '-o' 'cmTC_ef8ed' '-mtune=generic' '-march=x86-64'
make[2]: 离开目录“/home/gxh/works/huichang/svc_codec/bizconf_svc_codec/openfec_v1.4.2/CMakeFiles/CMakeTmp”
make[1]: 离开目录“/home/gxh/works/huichang/svc_codec/bizconf_svc_codec/openfec_v1.4.2/CMakeFiles/CMakeTmp”


Parsed C implicit link information from above output:
  link line regex: [^( *|.*[/\])(ld|CMAKE_LINK_STARTFILE-NOTFOUND|([^/\]+-)?ld|collect2)[^/\]*( |$)]
  ignore line: [Change Dir: /home/gxh/works/huichang/svc_codec/bizconf_svc_codec/openfec_v1.4.2/CMakeFiles/CMakeTmp]
  ignore line: []
  ignore line: [Run Build Command:"/usr/bin/make" "cmTC_ef8ed/fast"]
  ignore line: [make[1]: 进入目录“/home/gxh/works/huichang/svc_codec/bizconf_svc_codec/openfec_v1.4.2/CMakeFiles/CMakeTmp”]
  ignore line: [/usr/bin/make -f CMakeFiles/cmTC_ef8ed.dir/build.make CMakeFiles/cmTC_ef8ed.dir/build]
  ignore line: [make[2]: 进入目录“/home/gxh/works/huichang/svc_codec/bizconf_svc_codec/openfec_v1.4.2/CMakeFiles/CMakeTmp”]
  ignore line: [Building C object CMakeFiles/cmTC_ef8ed.dir/CMakeCCompilerABI.c.o]
  ignore line: [/usr/bin/cc    -o CMakeFiles/cmTC_ef8ed.dir/CMakeCCompilerABI.c.o   -c /usr/share/cmake-3.13/Modules/CMakeCCompilerABI.c]
  ignore line: [Linking C executable cmTC_ef8ed]
  ignore line: [/usr/bin/cmake -E cmake_link_script CMakeFiles/cmTC_ef8ed.dir/link.txt --verbose=1]
  ignore line: [/usr/bin/cc     -v -rdynamic CMakeFiles/cmTC_ef8ed.dir/CMakeCCompilerABI.c.o  -o cmTC_ef8ed ]
  ignore line: [Using built-in specs.]
  ignore line: [COLLECT_GCC=/usr/bin/cc]
  ignore line: [COLLECT_LTO_WRAPPER=/usr/lib/gcc/x86_64-linux-gnu/8/lto-wrapper]
  ignore line: [OFFLOAD_TARGET_NAMES=nvptx-none]
  ignore line: [OFFLOAD_TARGET_DEFAULT=1]
  ignore line: [Target: x86_64-linux-gnu]
  ignore line: [Configured with: ../src/configure -v --with-pkgversion='Uos 8.3.0.3-3+rebuild' --with-bugurl=file:///usr/share/doc/gcc-8/README.Bugs --enable-languages=c,ada,c++,go,brig,d,fortran,objc,obj-c++ --prefix=/usr --with-gcc-major-version-only --program-suffix=-8 --program-prefix=x86_64-linux-gnu- --enable-shared --enable-linker-build-id --libexecdir=/usr/lib --without-included-gettext --enable-threads=posix --libdir=/usr/lib --enable-nls --enable-bootstrap --enable-clocale=gnu --enable-libstdcxx-debug --enable-libstdcxx-time=yes --with-default-libstdcxx-abi=new --enable-gnu-unique-object --disable-vtable-verify --enable-libmpx --enable-plugin --with-system-zlib --with-target-system-zlib --enable-objc-gc=auto --enable-multiarch --disable-werror --with-arch-32=i686 --with-abi=m64 --with-multilib-list=m32,m64,mx32 --enable-multilib --with-tune=generic --enable-offload-targets=nvptx-none --without-cuda-driver --enable-checking=release --build=x86_64-linux-gnu --host=x86_64-linux-gnu --target=x86_64-linux-gnu]
  ignore line: [Thread model: posix]
  ignore line: [gcc version 8.3.0 (Uos 8.3.0.3-3+rebuild) ]
  ignore line: [COMPILER_PATH=/usr/lib/gcc/x86_64-linux-gnu/8/:/usr/lib/gcc/x86_64-linux-gnu/8/:/usr/lib/gcc/x86_64-linux-gnu/:/usr/lib/gcc/x86_64-linux-gnu/8/:/usr/lib/gcc/x86_64-linux-gnu/]
  ignore line: [LIBRARY_PATH=/usr/lib/gcc/x86_64-linux-gnu/8/:/usr/lib/gcc/x86_64-linux-gnu/8/../../../x86_64-linux-gnu/:/usr/lib/gcc/x86_64-linux-gnu/8/../../../../lib/:/lib/x86_64-linux-gnu/:/lib/../lib/:/usr/lib/x86_64-linux-gnu/:/usr/lib/../lib/:/usr/lib/gcc/x86_64-linux-gnu/8/../../../:/lib/:/usr/lib/]
  ignore line: [COLLECT_GCC_OPTIONS='-v' '-rdynamic' '-o' 'cmTC_ef8ed' '-mtune=generic' '-march=x86-64']
  link line: [ /usr/lib/gcc/x86_64-linux-gnu/8/collect2 -plugin /usr/lib/gcc/x86_64-linux-gnu/8/liblto_plugin.so -plugin-opt=/usr/lib/gcc/x86_64-linux-gnu/8/lto-wrapper -plugin-opt=-fresolution=/tmp/ccUBVeIW.res -plugin-opt=-pass-through=-lgcc -plugin-opt=-pass-through=-lgcc_s -plugin-opt=-pass-through=-lc -plugin-opt=-pass-through=-lgcc -plugin-opt=-pass-through=-lgcc_s --build-id --eh-frame-hdr -m elf_x86_64 --hash-style=gnu -export-dynamic -dynamic-linker /lib64/ld-linux-x86-64.so.2 -o cmTC_ef8ed /usr/lib/gcc/x86_64-linux-gnu/8/../../../x86_64-linux-gnu/crt1.o /usr/lib/gcc/x86_64-linux-gnu/8/../../../x86_64-linux-gnu/crti.o /usr/lib/gcc/x86_64-linux-gnu/8/crtbegin.o -L/usr/lib/gcc/x86_64-linux-gnu/8 -L/usr/lib/gcc/x86_64-linux-gnu/8/../../../x86_64-linux-gnu -L/usr/lib/gcc/x86_64-linux-gnu/8/../../../../lib -L/lib/x86_64-linux-gnu -L/lib/../lib -L/usr/lib/x86_64-linux-gnu -L/usr/lib/../lib -L/usr/lib/gcc/x86_64-linux-gnu/8/../../.. CMakeFiles/cmTC_ef8ed.dir/CMakeCCompilerABI.c.o -lgcc --push-state --as-needed -lgcc_s --pop-state -lc -lgcc --push-state --as-needed -lgcc_s --pop-state /usr/lib/gcc/x86_64-linux-gnu/8/crtend.o /usr/lib/gcc/x86_64-linux-gnu/8/../../../x86_64-linux-gnu/crtn.o]
    arg [/usr/lib/gcc/x86_64-linux-gnu/8/collect2] ==> ignore
    arg [-plugin] ==> ignore
    arg [/usr/lib/gcc/x86_64-linux-gnu/8/liblto_plugin.so] ==> ignore
    arg [-plugin-opt=/usr/lib/gcc/x86_64-linux-gnu/8/lto-wrapper] ==> ignore
    arg [-plugin-opt=-fresolution=/tmp/ccUBVeIW.res] ==> ignore
    arg [-plugin-opt=-pass-through=-lgcc] ==> ignore
    arg [-plugin-opt=-pass-through=-lgcc_s] ==> ignore
    arg [-plugin-opt=-pass-through=-lc] ==> ignore
    arg [-plugin-opt=-pass-through=-lgcc] ==> ignore
    arg [-plugin-opt=-pass-through=-lgcc_s] ==> ignore
    arg [--build-id] ==> ignore
    arg [--eh-frame-hdr] ==> ignore
    arg [-m] ==> ignore
    arg [elf_x86_64] ==> ignore
    arg [--hash-style=gnu] ==> ignore
    arg [-export-dynamic] ==> ignore
    arg [-dynamic-linker] ==> ignore
    arg [/lib64/ld-linux-x86-64.so.2] ==> ignore
    arg [-o] ==> ignore
    arg [cmTC_ef8ed] ==> ignore
    arg [/usr/lib/gcc/x86_64-linux-gnu/8/../../../x86_64-linux-gnu/crt1.o] ==> ignore
    arg [/usr/lib/gcc/x86_64-linux-gnu/8/../../../x86_64-linux-gnu/crti.o] ==> ignore
    arg [/usr/lib/gcc/x86_64-linux-gnu/8/crtbegin.o] ==> ignore
    arg [-L/usr/lib/gcc/x86_64-linux-gnu/8] ==> dir [/usr/lib/gcc/x86_64-linux-gnu/8]
    arg [-L/usr/lib/gcc/x86_64-linux-gnu/8/../../../x86_64-linux-gnu] ==> dir [/usr/lib/gcc/x86_64-linux-gnu/8/../../../x86_64-linux-gnu]
    arg [-L/usr/lib/gcc/x86_64-linux-gnu/8/../../../../lib] ==> dir [/usr/lib/gcc/x86_64-linux-gnu/8/../../../../lib]
    arg [-L/lib/x86_64-linux-gnu] ==> dir [/lib/x86_64-linux-gnu]
    arg [-L/lib/../lib] ==> dir [/lib/../lib]
    arg [-L/usr/lib/x86_64-linux-gnu] ==> dir [/usr/lib/x86_64-linux-gnu]
    arg [-L/usr/lib/../lib] ==> dir [/usr/lib/../lib]
    arg [-L/usr/lib/gcc/x86_64-linux-gnu/8/../../..] ==> dir [/usr/lib/gcc/x86_64-linux-gnu/8/../../..]
    arg [CMakeFiles/cmTC_ef8ed.dir/CMakeCCompilerABI.c.o] ==> ignore
    arg [-lgcc] ==> lib [gcc]
    arg [--push-state] ==> ignore
    arg [--as-needed] ==> ignore
    arg [-lgcc_s] ==> lib [gcc_s]
    arg [--pop-state] ==> ignore
    arg [-lc] ==> lib [c]
    arg [-lgcc] ==> lib [gcc]
    arg [--push-state] ==> ignore
    arg [--as-needed] ==> ignore
    arg [-lgcc_s] ==> lib [gcc_s]
    arg [--pop-state] ==> ignore
    arg [/usr/lib/gcc/x86_64-linux-gnu/8/crtend.o] ==> ignore
    arg [/usr/lib/gcc/x86_64-linux-gnu/8/../../../x86_64-linux-gnu/crtn.o] ==> ignore
  collapse library dir [/usr/lib/gcc/x86_64-linux-gnu/8] ==> [/usr/lib/gcc/x86_64-linux-gnu/8]
  collapse library dir [/usr/lib/gcc/x86_64-linux-gnu/8/../../../x86_64-linux-gnu] ==> [/usr/lib/x86_64-linux-gnu]
  collapse library dir [/usr/lib/gcc/x86_64-linux-gnu/8/../../../../lib] ==> [/usr/lib]
  collapse library dir [/lib/x86_64-linux-gnu] ==> [/lib/x86_64-linux-gnu]
  collapse library dir [/lib/../lib] ==> [/lib]
  collapse library dir [/usr/lib/x86_64-linux-gnu] ==> [/usr/lib/x86_64-linux-gnu]
  collapse library dir [/usr/lib/../lib] ==> [/usr/lib]
  collapse library dir [/usr/lib/gcc/x86_64-linux-gnu/8/../../..] ==> [/usr/lib]
  implicit libs: [gcc;gcc_s;c;gcc;gcc_s]
  implicit dirs: [/usr/lib/gcc/x86_64-linux-gnu/8;/usr/lib/x86_64-linux-gnu;/usr/lib;/lib/x86_64-linux-gnu;/lib]
  implicit fwks: []




Detecting C [-std=c11] compiler features compiled with the following output:
Change Dir: /home/gxh/works/huichang/svc_codec/bizconf_svc_codec/openfec_v1.4.2/CMakeFiles/CMakeTmp

Run Build Command:"/usr/bin/make" "cmTC_30fb2/fast"
make[1]: 进入目录“/home/gxh/works/huichang/svc_codec/bizconf_svc_codec/openfec_v1.4.2/CMakeFiles/CMakeTmp”
/usr/bin/make -f CMakeFiles/cmTC_30fb2.dir/build.make CMakeFiles/cmTC_30fb2.dir/build
make[2]: 进入目录“/home/gxh/works/huichang/svc_codec/bizconf_svc_codec/openfec_v1.4.2/CMakeFiles/CMakeTmp”
Building C object CMakeFiles/cmTC_30fb2.dir/feature_tests.c.o
/usr/bin/cc   -std=c11 -o CMakeFiles/cmTC_30fb2.dir/feature_tests.c.o   -c /home/gxh/works/huichang/svc_codec/bizconf_svc_codec/openfec_v1.4.2/CMakeFiles/feature_tests.c
Linking C executable cmTC_30fb2
/usr/bin/cmake -E cmake_link_script CMakeFiles/cmTC_30fb2.dir/link.txt --verbose=1
/usr/bin/cc      -rdynamic CMakeFiles/cmTC_30fb2.dir/feature_tests.c.o  -o cmTC_30fb2 
make[2]: 离开目录“/home/gxh/works/huichang/svc_codec/bizconf_svc_codec/openfec_v1.4.2/CMakeFiles/CMakeTmp”
make[1]: 离开目录“/home/gxh/works/huichang/svc_codec/bizconf_svc_codec/openfec_v1.4.2/CMakeFiles/CMakeTmp”


    Feature record: C_FEATURE:1c_function_prototypes
    Feature record: C_FEATURE:1c_restrict
    Feature record: C_FEATURE:1c_static_assert
    Feature record: C_FEATURE:1c_variadic_macros


Detecting C [-std=c99] compiler features compiled with the following output:
Change Dir: /home/gxh/works/huichang/svc_codec/bizconf_svc_codec/openfec_v1.4.2/CMakeFiles/CMakeTmp

Run Build Command:"/usr/bin/make" "cmTC_d8b2e/fast"
make[1]: 进入目录“/home/gxh/works/huichang/svc_codec/bizconf_svc_codec/openfec_v1.4.2/CMakeFiles/CMakeTmp”
/usr/bin/make -f CMakeFiles/cmTC_d8b2e.dir/build.make CMakeFiles/cmTC_d8b2e.dir/build
make[2]: 进入目录“/home/gxh/works/huichang/svc_codec/bizconf_svc_codec/openfec_v1.4.2/CMakeFiles/CMakeTmp”
Building C object CMakeFiles/cmTC_d8b2e.dir/feature_tests.c.o
/usr/bin/cc   -std=c99 -o CMakeFiles/cmTC_d8b2e.dir/feature_tests.c.o   -c /home/gxh/works/huichang/svc_codec/bizconf_svc_codec/openfec_v1.4.2/CMakeFiles/feature_tests.c
Linking C executable cmTC_d8b2e
/usr/bin/cmake -E cmake_link_script CMakeFiles/cmTC_d8b2e.dir/link.txt --verbose=1
/usr/bin/cc      -rdynamic CMakeFiles/cmTC_d8b2e.dir/feature_tests.c.o  -o cmTC_d8b2e 
make[2]: 离开目录“/home/gxh/works/huichang/svc_codec/bizconf_svc_codec/openfec_v1.4.2/CMakeFiles/CMakeTmp”
make[1]: 离开目录“/home/gxh/works/huichang/svc_codec/bizconf_svc_codec/openfec_v1.4.2/CMakeFiles/CMakeTmp”


    Feature record: C_FEATURE:1c_function_prototypes
    Feature record: C_FEATURE:1c_restrict
    Feature record: C_FEATURE:0c_static_assert
    Feature record: C_FEATURE:1c_variadic_macros


Detecting C [-std=c90] compiler features compiled with the following output:
Change Dir: /home/gxh/works/huichang/svc_codec/bizconf_svc_codec/openfec_v1.4.2/CMakeFiles/CMakeTmp

Run Build Command:"/usr/bin/make" "cmTC_97f5d/fast"
make[1]: 进入目录“/home/gxh/works/huichang/svc_codec/bizconf_svc_codec/openfec_v1.4.2/CMakeFiles/CMakeTmp”
/usr/bin/make -f CMakeFiles/cmTC_97f5d.dir/build.make CMakeFiles/cmTC_97f5d.dir/build
make[2]: 进入目录“/home/gxh/works/huichang/svc_codec/bizconf_svc_codec/openfec_v1.4.2/CMakeFiles/CMakeTmp”
Building C object CMakeFiles/cmTC_97f5d.dir/feature_tests.c.o
/usr/bin/cc   -std=c90 -o CMakeFiles/cmTC_97f5d.dir/feature_tests.c.o   -c /home/gxh/works/huichang/svc_codec/bizconf_svc_codec/openfec_v1.4.2/CMakeFiles/feature_tests.c
Linking C executable cmTC_97f5d
/usr/bin/cmake -E cmake_link_script CMakeFiles/cmTC_97f5d.dir/link.txt --verbose=1
/usr/bin/cc      -rdynamic CMakeFiles/cmTC_97f5d.dir/feature_tests.c.o  -o cmTC_97f5d 
make[2]: 离开目录“/home/gxh/works/huichang/svc_codec/bizconf_svc_codec/openfec_v1.4.2/CMakeFiles/CMakeTmp”
make[1]: 离开目录“/home/gxh/works/huichang/svc_codec/bizconf_svc_codec/openfec_v1.4.2/CMakeFiles/CMakeTmp”


    Feature record: C_FEATURE:1c_function_prototypes
    Feature record: C_FEATURE:0c_restrict
    Feature record: C_FEATURE:0c_static_assert
    Feature record: C_FEATURE:0c_variadic_macros
The system is: Darwin - 15.5.0 - x86_64
Compiling the C compiler identification source file "CMakeCCompilerId.c" succeeded.
Compiler: /usr/bin/cc 
Build flags: 
Id flags:  

The output was:
0


Compilation of the C compiler identification source "CMakeCCompilerId.c" produced "a.out"

The C compiler identification is AppleClang, found in "/home/gxh/works/huichang/svc_codec/bizconf_svc_codec/openfec_v1.4.2/CMakeFiles/3.10.0/CompilerIdC/a.out"

Determining if the C compiler works passed with the following output:
Change Dir: /home/gxh/works/huichang/svc_codec/bizconf_svc_codec/openfec_v1.4.2/CMakeFiles/CMakeTmp

Run Build Command:"/usr/bin/make" "cmTC_655b4/fast"
/Applications/Xcode-7.app/Contents/Developer/usr/bin/make -f CMakeFiles/cmTC_655b4.dir/build.make CMakeFiles/cmTC_655b4.dir/build
Building C object CMakeFiles/cmTC_655b4.dir/testCCompiler.c.o
/usr/bin/cc    -o CMakeFiles/cmTC_655b4.dir/testCCompiler.c.o   -c /home/gxh/works/huichang/svc_codec/bizconf_svc_codec/openfec_v1.4.2/CMakeFiles/CMakeTmp/testCCompiler.c
Linking C executable cmTC_655b4
/usr/local/Cellar/cmake/3.10.0/bin/cmake -E cmake_link_script CMakeFiles/cmTC_655b4.dir/link.txt --verbose=1
/usr/bin/cc   -Wl,-search_paths_first -Wl,-headerpad_max_install_names   CMakeFiles/cmTC_655b4.dir/testCCompiler.c.o  -o cmTC_655b4 


Detecting C compiler ABI info compiled with the following output:
Change Dir: /home/gxh/works/huichang/svc_codec/bizconf_svc_codec/openfec_v1.4.2/CMakeFiles/CMakeTmp

Run Build Command:"/usr/bin/make" "cmTC_035b8/fast"
/Applications/Xcode-7.app/Contents/Developer/usr/bin/make -f CMakeFiles/cmTC_035b8.dir/build.make CMakeFiles/cmTC_035b8.dir/build
Building C object CMakeFiles/cmTC_035b8.dir/CMakeCCompilerABI.c.o
/usr/bin/cc    -o CMakeFiles/cmTC_035b8.dir/CMakeCCompilerABI.c.o   -c /usr/local/Cellar/cmake/3.10.0/share/cmake/Modules/CMakeCCompilerABI.c
Linking C executable cmTC_035b8
/usr/local/Cellar/cmake/3.10.0/bin/cmake -E cmake_link_script CMakeFiles/cmTC_035b8.dir/link.txt --verbose=1
/usr/bin/cc   -Wl,-search_paths_first -Wl,-headerpad_max_install_names  -v -Wl,-v CMakeFiles/cmTC_035b8.dir/CMakeCCompilerABI.c.o  -o cmTC_035b8 
Apple LLVM version 7.3.0 (clang-703.0.29)
Target: x86_64-apple-darwin15.5.0
Thread model: posix
InstalledDir: /Applications/Xcode-7.app/Contents/Developer/Toolchains/XcodeDefault.xctoolchain/usr/bin
 "/Applications/Xcode-7.app/Contents/Developer/Toolchains/XcodeDefault.xctoolchain/usr/bin/ld" -demangle -dynamic -arch x86_64 -macosx_version_min 10.11.0 -o cmTC_035b8 -search_paths_first -headerpad_max_install_names -v CMakeFiles/cmTC_035b8.dir/CMakeCCompilerABI.c.o -lSystem /Applications/Xcode-7.app/Contents/Developer/Toolchains/XcodeDefault.xctoolchain/usr/bin/../lib/clang/7.3.0/lib/darwin/libclang_rt.osx.a
@(#)PROGRAM:ld  PROJECT:ld64-264.3.101
configured to support archs: armv6 armv7 armv7s arm64 i386 x86_64 x86_64h armv6m armv7k armv7m armv7em (tvOS)
Library search paths:
	/usr/lib
	/usr/local/lib
Framework search paths:
	/Library/Frameworks/
	/System/Library/Frameworks/


Parsed C implicit link information from above output:
  link line regex: [^( *|.*[/\])(ld|CMAKE_LINK_STARTFILE-NOTFOUND|([^/\]+-)?ld|collect2)[^/\]*( |$)]
  ignore line: [Change Dir: /home/gxh/works/huichang/svc_codec/bizconf_svc_codec/openfec_v1.4.2/CMakeFiles/CMakeTmp]
  ignore line: []
  ignore line: [Run Build Command:"/usr/bin/make" "cmTC_035b8/fast"]
  ignore line: [/Applications/Xcode-7.app/Contents/Developer/usr/bin/make -f CMakeFiles/cmTC_035b8.dir/build.make CMakeFiles/cmTC_035b8.dir/build]
  ignore line: [Building C object CMakeFiles/cmTC_035b8.dir/CMakeCCompilerABI.c.o]
  ignore line: [/usr/bin/cc    -o CMakeFiles/cmTC_035b8.dir/CMakeCCompilerABI.c.o   -c /usr/local/Cellar/cmake/3.10.0/share/cmake/Modules/CMakeCCompilerABI.c]
  ignore line: [Linking C executable cmTC_035b8]
  ignore line: [/usr/local/Cellar/cmake/3.10.0/bin/cmake -E cmake_link_script CMakeFiles/cmTC_035b8.dir/link.txt --verbose=1]
  ignore line: [/usr/bin/cc   -Wl,-search_paths_first -Wl,-headerpad_max_install_names  -v -Wl,-v CMakeFiles/cmTC_035b8.dir/CMakeCCompilerABI.c.o  -o cmTC_035b8 ]
  ignore line: [Apple LLVM version 7.3.0 (clang-703.0.29)]
  ignore line: [Target: x86_64-apple-darwin15.5.0]
  ignore line: [Thread model: posix]
  ignore line: [InstalledDir: /Applications/Xcode-7.app/Contents/Developer/Toolchains/XcodeDefault.xctoolchain/usr/bin]
  link line: [ "/Applications/Xcode-7.app/Contents/Developer/Toolchains/XcodeDefault.xctoolchain/usr/bin/ld" -demangle -dynamic -arch x86_64 -macosx_version_min 10.11.0 -o cmTC_035b8 -search_paths_first -headerpad_max_install_names -v CMakeFiles/cmTC_035b8.dir/CMakeCCompilerABI.c.o -lSystem /Applications/Xcode-7.app/Contents/Developer/Toolchains/XcodeDefault.xctoolchain/usr/bin/../lib/clang/7.3.0/lib/darwin/libclang_rt.osx.a]
    arg [/Applications/Xcode-7.app/Contents/Developer/Toolchains/XcodeDefault.xctoolchain/usr/bin/ld] ==> ignore
    arg [-demangle] ==> ignore
    arg [-dynamic] ==> ignore
    arg [-arch] ==> ignore
    arg [x86_64] ==> ignore
    arg [-macosx_version_min] ==> ignore
    arg [10.11.0] ==> ignore
    arg [-o] ==> ignore
    arg [cmTC_035b8] ==> ignore
    arg [-search_paths_first] ==> ignore
    arg [-headerpad_max_install_names] ==> ignore
    arg [-v] ==> ignore
    arg [CMakeFiles/cmTC_035b8.dir/CMakeCCompilerABI.c.o] ==> ignore
    arg [-lSystem] ==> lib [System]
    arg [/Applications/Xcode-7.app/Contents/Developer/Toolchains/XcodeDefault.xctoolchain/usr/bin/../lib/clang/7.3.0/lib/darwin/libclang_rt.osx.a] ==> lib [/Applications/Xcode-7.app/Contents/Developer/Toolchains/XcodeDefault.xctoolchain/usr/bin/../lib/clang/7.3.0/lib/darwin/libclang_rt.osx.a]
  Library search paths: [;/usr/lib;/usr/local/lib]
  Framework search paths: [;/Library/Frameworks/;/System/Library/Frameworks/]
  remove lib [System]
  remove lib [/Applications/Xcode-7.app/Contents/Developer/Toolchains/XcodeDefault.xctoolchain/usr/bin/../lib/clang/7.3.0/lib/darwin/libclang_rt.osx.a]
  collapse library dir [/usr/lib] ==> [/usr/lib]
  collapse library dir [/usr/local/lib] ==> [/usr/local/lib]
  collapse framework dir [/Library/Frameworks/] ==> [/Library/Frameworks]
  collapse framework dir [/System/Library/Frameworks/] ==> [/System/Library/Frameworks]
  implicit libs: []
  implicit dirs: [/usr/lib;/usr/local/lib]
  implicit fwks: [/Library/Frameworks;/System/Library/Frameworks]




Detecting C [-std=c11] compiler features compiled with the following output:
Change Dir: /home/gxh/works/huichang/svc_codec/bizconf_svc_codec/openfec_v1.4.2/CMakeFiles/CMakeTmp

Run Build Command:"/usr/bin/make" "cmTC_38474/fast"
/Applications/Xcode-7.app/Contents/Developer/usr/bin/make -f CMakeFiles/cmTC_38474.dir/build.make CMakeFiles/cmTC_38474.dir/build
Building C object CMakeFiles/cmTC_38474.dir/feature_tests.c.o
/usr/bin/cc   -std=c11 -o CMakeFiles/cmTC_38474.dir/feature_tests.c.o   -c /home/gxh/works/huichang/svc_codec/bizconf_svc_codec/openfec_v1.4.2/CMakeFiles/feature_tests.c
Linking C executable cmTC_38474
/usr/local/Cellar/cmake/3.10.0/bin/cmake -E cmake_link_script CMakeFiles/cmTC_38474.dir/link.txt --verbose=1
/usr/bin/cc   -Wl,-search_paths_first -Wl,-headerpad_max_install_names   CMakeFiles/cmTC_38474.dir/feature_tests.c.o  -o cmTC_38474 


    Feature record: C_FEATURE:1c_function_prototypes
    Feature record: C_FEATURE:1c_restrict
    Feature record: C_FEATURE:1c_static_assert
    Feature record: C_FEATURE:1c_variadic_macros


Detecting C [-std=c99] compiler features compiled with the following output:
Change Dir: /home/gxh/works/huichang/svc_codec/bizconf_svc_codec/openfec_v1.4.2/CMakeFiles/CMakeTmp

Run Build Command:"/usr/bin/make" "cmTC_d4b0c/fast"
/Applications/Xcode-7.app/Contents/Developer/usr/bin/make -f CMakeFiles/cmTC_d4b0c.dir/build.make CMakeFiles/cmTC_d4b0c.dir/build
Building C object CMakeFiles/cmTC_d4b0c.dir/feature_tests.c.o
/usr/bin/cc   -std=c99 -o CMakeFiles/cmTC_d4b0c.dir/feature_tests.c.o   -c /home/gxh/works/huichang/svc_codec/bizconf_svc_codec/openfec_v1.4.2/CMakeFiles/feature_tests.c
Linking C executable cmTC_d4b0c
/usr/local/Cellar/cmake/3.10.0/bin/cmake -E cmake_link_script CMakeFiles/cmTC_d4b0c.dir/link.txt --verbose=1
/usr/bin/cc   -Wl,-search_paths_first -Wl,-headerpad_max_install_names   CMakeFiles/cmTC_d4b0c.dir/feature_tests.c.o  -o cmTC_d4b0c 


    Feature record: C_FEATURE:1c_function_prototypes
    Feature record: C_FEATURE:1c_restrict
    Feature record: C_FEATURE:0c_static_assert
    Feature record: C_FEATURE:1c_variadic_macros


Detecting C [-std=c90] compiler features compiled with the following output:
Change Dir: /home/gxh/works/huichang/svc_codec/bizconf_svc_codec/openfec_v1.4.2/CMakeFiles/CMakeTmp

Run Build Command:"/usr/bin/make" "cmTC_aef2c/fast"
/Applications/Xcode-7.app/Contents/Developer/usr/bin/make -f CMakeFiles/cmTC_aef2c.dir/build.make CMakeFiles/cmTC_aef2c.dir/build
Building C object CMakeFiles/cmTC_aef2c.dir/feature_tests.c.o
/usr/bin/cc   -std=c90 -o CMakeFiles/cmTC_aef2c.dir/feature_tests.c.o   -c /home/gxh/works/huichang/svc_codec/bizconf_svc_codec/openfec_v1.4.2/CMakeFiles/feature_tests.c
Linking C executable cmTC_aef2c
/usr/local/Cellar/cmake/3.10.0/bin/cmake -E cmake_link_script CMakeFiles/cmTC_aef2c.dir/link.txt --verbose=1
/usr/bin/cc   -Wl,-search_paths_first -Wl,-headerpad_max_install_names   CMakeFiles/cmTC_aef2c.dir/feature_tests.c.o  -o cmTC_aef2c 


    Feature record: C_FEATURE:1c_function_prototypes
    Feature record: C_FEATURE:0c_restrict
    Feature record: C_FEATURE:0c_static_assert
    Feature record: C_FEATURE:0c_variadic_macros
